{
"contracts/FundMe.sol":{"l":{"15":3,"16":3,"23":11,"27":10,"28":10,"32":2,"37":7,"39":2,"40":2,"43":2,"47":2,"48":2},"path":"/home/ujjawal_kumar_dubey/hardhat-fund-me-fcc/contracts/FundMe.sol","s":{"1":11,"2":10,"3":2,"4":2,"5":2,"6":2},"b":{"1":[10,1],"2":[2,0],"3":[2,0],"4":[2,0]},"f":{"1":3,"2":11,"3":2,"4":2},"fnMap":{"1":{"name":"constructor","line":14,"loc":{"start":{"line":14,"column":4},"end":{"line":17,"column":4}}},"2":{"name":"fund","line":22,"loc":{"start":{"line":22,"column":4},"end":{"line":29,"column":4}}},"3":{"name":"withdraw","line":31,"loc":{"start":{"line":31,"column":4},"end":{"line":44,"column":4}}},"4":{"name":"OnlyOwner","line":46,"loc":{"start":{"line":46,"column":4},"end":{"line":49,"column":4}}}},"statementMap":{"1":{"start":{"line":23,"column":8},"end":{"line":23,"column":660}},"2":{"start":{"line":28,"column":8},"end":{"line":28,"column":31}},"3":{"start":{"line":32,"column":8},"end":{"line":32,"column":915}},"4":{"start":{"line":40,"column":8},"end":{"line":40,"column":1151}},"5":{"start":{"line":43,"column":8},"end":{"line":43,"column":55}},"6":{"start":{"line":47,"column":8},"end":{"line":47,"column":58}}},"branchMap":{"1":{"line":23,"type":"if","locations":[{"start":{"line":23,"column":8},"end":{"line":23,"column":8}},{"start":{"line":23,"column":8},"end":{"line":23,"column":8}}]},"2":{"line":31,"type":"if","locations":[{"start":{"line":31,"column":31},"end":{"line":31,"column":31}},{"start":{"line":31,"column":31},"end":{"line":31,"column":31}}]},"3":{"line":43,"type":"if","locations":[{"start":{"line":43,"column":8},"end":{"line":43,"column":8}},{"start":{"line":43,"column":8},"end":{"line":43,"column":8}}]},"4":{"line":47,"type":"if","locations":[{"start":{"line":47,"column":8},"end":{"line":47,"column":8}},{"start":{"line":47,"column":8},"end":{"line":47,"column":8}}]}}},
"contracts/Priceconverter.sol":{"l":{"14":11,"15":11,"26":0,"33":11,"34":11,"35":11},"path":"/home/ujjawal_kumar_dubey/hardhat-fund-me-fcc/contracts/Priceconverter.sol","s":{"1":11,"2":11,"3":0,"4":11,"5":11,"6":11},"b":{},"f":{"1":11,"2":0,"3":11},"fnMap":{"1":{"name":"getPrice","line":6,"loc":{"start":{"line":6,"column":4},"end":{"line":16,"column":4}}},"2":{"name":"getVersion","line":18,"loc":{"start":{"line":18,"column":4},"end":{"line":27,"column":4}}},"3":{"name":"getConversionRate","line":29,"loc":{"start":{"line":29,"column":4},"end":{"line":36,"column":4}}}},"statementMap":{"1":{"start":{"line":14,"column":8},"end":{"line":14,"column":60}},"2":{"start":{"line":15,"column":8},"end":{"line":15,"column":36}},"3":{"start":{"line":26,"column":8},"end":{"line":26,"column":34}},"4":{"start":{"line":33,"column":8},"end":{"line":33,"column":46}},"5":{"start":{"line":34,"column":8},"end":{"line":34,"column":62}},"6":{"start":{"line":35,"column":8},"end":{"line":35,"column":29}}},"branchMap":{}},
"contracts/test/MockV3Aggregator.sol":{"l":{},"path":"/home/ujjawal_kumar_dubey/hardhat-fund-me-fcc/contracts/test/MockV3Aggregator.sol","s":{},"b":{},"f":{},"fnMap":{},"statementMap":{},"branchMap":{}}}
