TN:
SF:/home/ujjawal_kumar_dubey/hardhat-fund-me-fcc/contracts/FundMe.sol
FN:14,constructor
FN:22,fund
FN:31,withdraw
FN:46,OnlyOwner
FNF:4
FNH:4
FNDA:3,constructor
FNDA:11,fund
FNDA:2,withdraw
FNDA:2,OnlyOwner
DA:15,3
DA:16,3
DA:23,11
DA:27,10
DA:28,10
DA:32,2
DA:37,7
DA:39,2
DA:40,2
DA:43,2
DA:47,2
DA:48,2
LF:12
LH:12
BRDA:23,1,0,10
BRDA:23,1,1,1
BRDA:31,2,0,2
BRDA:31,2,1,0
BRDA:43,3,0,2
BRDA:43,3,1,0
BRDA:47,4,0,2
BRDA:47,4,1,0
BRF:8
BRH:5
end_of_record
TN:
SF:/home/ujjawal_kumar_dubey/hardhat-fund-me-fcc/contracts/Priceconverter.sol
FN:6,getPrice
FN:18,getVersion
FN:29,getConversionRate
FNF:3
FNH:2
FNDA:11,getPrice
FNDA:0,getVersion
FNDA:11,getConversionRate
DA:14,11
DA:15,11
DA:26,0
DA:33,11
DA:34,11
DA:35,11
LF:6
LH:5
BRF:0
BRH:0
end_of_record
TN:
SF:/home/ujjawal_kumar_dubey/hardhat-fund-me-fcc/contracts/test/MockV3Aggregator.sol
FNF:0
FNH:0
LF:0
LH:0
BRF:0
BRH:0
end_of_record
